<?xml version="1.0" encoding="UTF-8"?>
<!-- Generated by org.testng.reporters.JUnitReportReporter -->
<testsuite hostname="DESKTOP-QD6Q4G9" failures="0" tests="3" name="dhananjayparit.ResetPasswordTest" time="5.088" errors="0" timestamp="2025-01-15T21:48:57 IST" skipped="0">
  <testcase classname="dhananjayparit.ResetPasswordTest" name="resetPassword" time="2.020"/>
  <system-out/>
  <testcase classname="dhananjayparit.ResetPasswordTest" name="averifyRequiredMessage" time="2.356"/>
  <system-out/>
  <testcase classname="dhananjayparit.ResetPasswordTest" name="bverifyCancelButton" time="0.712"/>
  <system-out/>
</testsuite> <!-- dhananjayparit.ResetPasswordTest -->
