<?xml version="1.0" encoding="UTF-8"?>
<!-- Generated by org.testng.reporters.JUnitReportReporter -->
<testsuite hostname="DESKTOP-QD6Q4G9" failures="0" tests="1" name="dhananjayparit.SelectHomeMenus" time="16.186" errors="0" timestamp="2025-01-16T23:10:30 IST" skipped="0">
  <testcase classname="dhananjayparit.SelectHomeMenus" name="ClickOnEachMenu" time="16.186"/>
  <system-out/>
</testsuite> <!-- dhananjayparit.SelectHomeMenus -->
