<?xml version="1.0" encoding="UTF-8"?>
<!-- Generated by org.testng.reporters.JUnitReportReporter -->
<testsuite hostname="DESKTOP-QD6Q4G9" failures="0" tests="2" name="dhananjayparit.LoginTest" time="2.977" errors="0" timestamp="2025-01-15T21:48:57 IST" skipped="0">
  <testcase classname="dhananjayparit.LoginTest" name="validLoginTest" time="0.422"/>
  <system-out/>
  <testcase classname="dhananjayparit.LoginTest" name="invalidLoginTest" time="2.555"/>
  <system-out/>
</testsuite> <!-- dhananjayparit.LoginTest -->
