<?xml version="1.0" encoding="UTF-8"?>
<!-- Generated by org.testng.reporters.JUnitReportReporter -->
<testsuite hostname="DESKTOP-QD6Q4G9" failures="0" tests="3" name="dhananjayparit.ResetPasswordTest" time="3.520" errors="0" timestamp="2025-01-16T23:16:47 IST" skipped="0">
  <testcase classname="dhananjayparit.ResetPasswordTest" name="resetPassword" time="1.496"/>
  <system-out/>
  <testcase classname="dhananjayparit.ResetPasswordTest" name="bverifyCancelButton" time="0.499"/>
  <system-out/>
  <testcase classname="dhananjayparit.ResetPasswordTest" name="averifyRequiredMessage" time="1.525"/>
  <system-out/>
</testsuite> <!-- dhananjayparit.ResetPasswordTest -->
