<?xml version="1.0" encoding="UTF-8"?>
<!-- Generated by org.testng.reporters.JUnitReportReporter -->
<testsuite hostname="DESKTOP-QD6Q4G9" failures="0" tests="3" name="dhananjayparit.ResetPasswordTest" time="3.832" errors="0" timestamp="2025-01-16T23:10:30 IST" skipped="0">
  <testcase classname="dhananjayparit.ResetPasswordTest" name="bverifyCancelButton" time="0.502"/>
  <system-out/>
  <testcase classname="dhananjayparit.ResetPasswordTest" name="averifyRequiredMessage" time="1.817"/>
  <system-out/>
  <testcase classname="dhananjayparit.ResetPasswordTest" name="resetPassword" time="1.513"/>
  <system-out/>
</testsuite> <!-- dhananjayparit.ResetPasswordTest -->
